app/build/outputs/logs/manifest-merger-debug-report.txt
-- Merging decision tree log ---
manifest
ADDED from src\main\AndroidManifest.xml:2:1-31:12
INJECTED from src\main\AndroidManifest.xml:2:1-31:12
INJECTED from src\main\AndroidManifest.xml:2:1-31:12
INJECTED from src\main\AndroidManifest.xml:2:1-31:12
MERGED from [com.android.support:appcompat-v7:24.0.0] AndroidManifest.xml:17:1-27:12
MERGED from [com.google.android.gms:play-services-location:10.2.0] AndroidManifest.xml:2:1-5:12
MERGED from [com.google.android.gms:play-services-base:10.2.0] AndroidManifest.xml:16:1-21:12
MERGED from [com.google.android.gms:play-services-tasks:10.2.0] AndroidManifest.xml:2:1-5:12
MERGED from [com.google.android.gms:play-services-basement:10.2.0] AndroidManifest.xml:16:1-23:12
MERGED from [com.appnext.sdk:ads:2.2.1.464] AndroidManifest.xml:2:1-28:12
MERGED from [com.appnext.sdk:banners:2.2.1.464] AndroidManifest.xml:2:1-12:12
MERGED from [com.android.support:animated-vector-drawable:24.0.0] AndroidManifest.xml:17:1-24:12
MERGED from [com.android.support:support-vector-drawable:24.0.0] AndroidManifest.xml:17:1-25:12
MERGED from [com.android.support:support-v4:24.0.0] AndroidManifest.xml:17:1-27:12
MERGED from [com.appnext.sdk:core:2.2.1.464] AndroidManifest.xml:2:1-33:12
INJECTED from src\main\AndroidManifest.xml:2:1-31:12
INJECTED from src\main\AndroidManifest.xml:2:1-31:12
INJECTED from src\main\AndroidManifest.xml:2:1-31:12
	package
		ADDED from src\main\AndroidManifest.xml:2:11-40
		INJECTED from src\main\AndroidManifest.xml
		INJECTED from src\main\AndroidManifest.xml
	android:versionName
		INJECTED from src\main\AndroidManifest.xml
		ADDED from src\main\AndroidManifest.xml:2:1-31:12
		INJECTED from src\main\AndroidManifest.xml
	android:versionCode
		INJECTED from src\main\AndroidManifest.xml
		ADDED from src\main\AndroidManifest.xml:2:1-31:12
		INJECTED from src\main\AndroidManifest.xml
	xmlns:android
		ADDED from src\main\AndroidManifest.xml:3:11-69
uses-permission#android.permission.INTERNET
ADDED from src\main\AndroidManifest.xml:5:5-67
MERGED from [com.appnext.sdk:ads:2.2.1.464] AndroidManifest.xml:9:5-67
MERGED from [com.appnext.sdk:ads:2.2.1.464] AndroidManifest.xml:9:5-67
MERGED from [com.appnext.sdk:core:2.2.1.464] AndroidManifest.xml:10:5-67
MERGED from [com.appnext.sdk:core:2.2.1.464] AndroidManifest.xml:10:5-67
	android:name
		ADDED from src\main\AndroidManifest.xml:5:22-64
uses-permission#android.permission.ACCESS_NETWORK_STATE
ADDED from src\main\AndroidManifest.xml:6:5-79
MERGED from [com.appnext.sdk:ads:2.2.1.464] AndroidManifest.xml:10:5-79
MERGED from [com.appnext.sdk:ads:2.2.1.464] AndroidManifest.xml:10:5-79
MERGED from [com.appnext.sdk:core:2.2.1.464] AndroidManifest.xml:11:5-79
MERGED from [com.appnext.sdk:core:2.2.1.464] AndroidManifest.xml:11:5-79
	android:name
		ADDED from src\main\AndroidManifest.xml:6:22-76
application
ADDED from src\main\AndroidManifest.xml:8:5-29:19
MERGED from [com.android.support:appcompat-v7:24.0.0] AndroidManifest.xml:25:5-20
MERGED from [com.android.support:appcompat-v7:24.0.0] AndroidManifest.xml:25:5-20
MERGED from [com.google.android.gms:play-services-location:10.2.0] AndroidManifest.xml:4:5-19
MERGED from [com.google.android.gms:play-services-location:10.2.0] AndroidManifest.xml:4:5-19
MERGED from [com.google.android.gms:play-services-base:10.2.0] AndroidManifest.xml:18:5-20:19
MERGED from [com.google.android.gms:play-services-base:10.2.0] AndroidManifest.xml:18:5-20:19
MERGED from [com.google.android.gms:play-services-tasks:10.2.0] AndroidManifest.xml:4:5-19
MERGED from [com.google.android.gms:play-services-tasks:10.2.0] AndroidManifest.xml:4:5-19
MERGED from [com.google.android.gms:play-services-basement:10.2.0] AndroidManifest.xml:19:5-21:19
MERGED from [com.google.android.gms:play-services-basement:10.2.0] AndroidManifest.xml:19:5-21:19
MERGED from [com.appnext.sdk:ads:2.2.1.464] AndroidManifest.xml:12:5-26:19
MERGED from [com.appnext.sdk:ads:2.2.1.464] AndroidManifest.xml:12:5-26:19
MERGED from [com.appnext.sdk:banners:2.2.1.464] AndroidManifest.xml:9:5-10:19
MERGED from [com.appnext.sdk:banners:2.2.1.464] AndroidManifest.xml:9:5-10:19
MERGED from [com.android.support:animated-vector-drawable:24.0.0] AndroidManifest.xml:22:5-20
MERGED from [com.android.support:animated-vector-drawable:24.0.0] AndroidManifest.xml:22:5-20
MERGED from [com.android.support:support-vector-drawable:24.0.0] AndroidManifest.xml:23:5-20
MERGED from [com.android.support:support-vector-drawable:24.0.0] AndroidManifest.xml:23:5-20
MERGED from [com.android.support:support-v4:24.0.0] AndroidManifest.xml:25:5-20
MERGED from [com.android.support:support-v4:24.0.0] AndroidManifest.xml:25:5-20
MERGED from [com.appnext.sdk:core:2.2.1.464] AndroidManifest.xml:13:5-31:19
MERGED from [com.appnext.sdk:core:2.2.1.464] AndroidManifest.xml:13:5-31:19
	android:supportsRtl
		ADDED from src\main\AndroidManifest.xml:12:9-35
	android:label
		ADDED from src\main\AndroidManifest.xml:11:9-41
	android:icon
		ADDED from src\main\AndroidManifest.xml:10:9-43
	android:allowBackup
		ADDED from src\main\AndroidManifest.xml:9:9-35
	android:theme
		ADDED from src\main\AndroidManifest.xml:13:9-40
activity#com.appnext.sdktest.MainActivity
ADDED from src\main\AndroidManifest.xml:14:9-19:20
	android:name
		ADDED from src\main\AndroidManifest.xml:14:19-47
intent-filter#android.intent.action.MAIN+android.intent.category.LAUNCHER
ADDED from src\main\AndroidManifest.xml:15:13-18:29
action#android.intent.action.MAIN
ADDED from src\main\AndroidManifest.xml:16:17-68
	android:name
		ADDED from src\main\AndroidManifest.xml:16:25-66
category#android.intent.category.LAUNCHER
ADDED from src\main\AndroidManifest.xml:17:17-76
	android:name
		ADDED from src\main\AndroidManifest.xml:17:27-74
service#com.appnext.core.DownloadService
ADDED from src\main\AndroidManifest.xml:22:9-68
	android:name
		ADDED from src\main\AndroidManifest.xml:22:18-65
activity#com.appnext.ads.interstitial.InterstitialActivity
ADDED from src\main\AndroidManifest.xml:23:9-25:80
MERGED from [com.appnext.sdk:ads:2.2.1.464] AndroidManifest.xml:17:9-21:74
MERGED from [com.appnext.sdk:ads:2.2.1.464] AndroidManifest.xml:17:9-21:74
	android:hardwareAccelerated
		ADDED from src\main\AndroidManifest.xml:24:19-53
	android:configChanges
		ADDED from [com.appnext.sdk:ads:2.2.1.464] AndroidManifest.xml:19:13-74
	android:theme
		ADDED from src\main\AndroidManifest.xml:25:19-77
	android:name
		ADDED from src\main\AndroidManifest.xml:23:19-83
activity#com.appnext.ads.fullscreen.FullscreenActivity
ADDED from src\main\AndroidManifest.xml:26:9-28:80
MERGED from [com.appnext.sdk:ads:2.2.1.464] AndroidManifest.xml:22:9-25:74
MERGED from [com.appnext.sdk:ads:2.2.1.464] AndroidManifest.xml:22:9-25:74
	android:hardwareAccelerated
		ADDED from src\main\AndroidManifest.xml:27:19-53
	android:configChanges
		ADDED from src\main\AndroidManifest.xml:27:54-115
	android:theme
		ADDED from src\main\AndroidManifest.xml:28:19-77
	android:name
		ADDED from src\main\AndroidManifest.xml:26:19-79
uses-sdk
INJECTED from src\main\AndroidManifest.xml reason: use-sdk injection requested
INJECTED from src\main\AndroidManifest.xml
INJECTED from src\main\AndroidManifest.xml
MERGED from [com.android.support:appcompat-v7:24.0.0] AndroidManifest.xml:21:5-23:78
MERGED from [com.android.support:appcompat-v7:24.0.0] AndroidManifest.xml:21:5-23:78
MERGED from [com.google.android.gms:play-services-location:10.2.0] AndroidManifest.xml:3:5-43
MERGED from [com.google.android.gms:play-services-location:10.2.0] AndroidManifest.xml:3:5-43
MERGED from [com.google.android.gms:play-services-base:10.2.0] AndroidManifest.xml:17:5-43
MERGED from [com.google.android.gms:play-services-base:10.2.0] AndroidManifest.xml:17:5-43
MERGED from [com.google.android.gms:play-services-tasks:10.2.0] AndroidManifest.xml:3:5-43
MERGED from [com.google.android.gms:play-services-tasks:10.2.0] AndroidManifest.xml:3:5-43
MERGED from [com.google.android.gms:play-services-basement:10.2.0] AndroidManifest.xml:17:5-43
MERGED from [com.google.android.gms:play-services-basement:10.2.0] AndroidManifest.xml:17:5-43
MERGED from [com.appnext.sdk:ads:2.2.1.464] AndroidManifest.xml:5:5-7:41
MERGED from [com.appnext.sdk:ads:2.2.1.464] AndroidManifest.xml:5:5-7:41
MERGED from [com.appnext.sdk:banners:2.2.1.464] AndroidManifest.xml:5:5-7:41
MERGED from [com.appnext.sdk:banners:2.2.1.464] AndroidManifest.xml:5:5-7:41
MERGED from [com.android.support:animated-vector-drawable:24.0.0] AndroidManifest.xml:20:5-44
MERGED from [com.android.support:animated-vector-drawable:24.0.0] AndroidManifest.xml:20:5-44
MERGED from [com.android.support:support-vector-drawable:24.0.0] AndroidManifest.xml:21:5-43
MERGED from [com.android.support:support-vector-drawable:24.0.0] AndroidManifest.xml:21:5-43
MERGED from [com.android.support:support-v4:24.0.0] AndroidManifest.xml:21:5-23:54
MERGED from [com.android.support:support-v4:24.0.0] AndroidManifest.xml:21:5-23:54
MERGED from [com.appnext.sdk:core:2.2.1.464] AndroidManifest.xml:6:5-8:41
MERGED from [com.appnext.sdk:core:2.2.1.464] AndroidManifest.xml:6:5-8:41
INJECTED from src\main\AndroidManifest.xml
INJECTED from src\main\AndroidManifest.xml
	tools:overrideLibrary
		ADDED from [com.android.support:appcompat-v7:24.0.0] AndroidManifest.xml:23:9-75
	android:targetSdkVersion
		INJECTED from src\main\AndroidManifest.xml
		ADDED from src\main\AndroidManifest.xml
		INJECTED from src\main\AndroidManifest.xml
	android:minSdkVersion
		INJECTED from src\main\AndroidManifest.xml
		ADDED from src\main\AndroidManifest.xml
		INJECTED from src\main\AndroidManifest.xml
activity#com.google.android.gms.common.api.GoogleApiActivity
ADDED from [com.google.android.gms:play-services-base:10.2.0] AndroidManifest.xml:19:9-172
	android:exported
		ADDED from [com.google.android.gms:play-services-base:10.2.0] AndroidManifest.xml:19:146-170
	android:theme
		ADDED from [com.google.android.gms:play-services-base:10.2.0] AndroidManifest.xml:19:86-145
	android:name
		ADDED from [com.google.android.gms:play-services-base:10.2.0] AndroidManifest.xml:19:19-85
meta-data#com.google.android.gms.version
ADDED from [com.google.android.gms:play-services-basement:10.2.0] AndroidManifest.xml:20:9-121
	android:value
		ADDED from [com.google.android.gms:play-services-basement:10.2.0] AndroidManifest.xml:20:66-119
	android:name
		ADDED from [com.google.android.gms:play-services-basement:10.2.0] AndroidManifest.xml:20:20-65
service#com.appnext.core.AdsService
ADDED from [com.appnext.sdk:ads:2.2.1.464] AndroidManifest.xml:15:9-63
	android:name
		ADDED from [com.appnext.sdk:ads:2.2.1.464] AndroidManifest.xml:15:18-60
service#com.appnext.base.services.OperationService
ADDED from [com.appnext.sdk:core:2.2.1.464] AndroidManifest.xml:14:9-17:40
	android:enabled
		ADDED from [com.appnext.sdk:core:2.2.1.464] AndroidManifest.xml:16:13-35
	android:exported
		ADDED from [com.appnext.sdk:core:2.2.1.464] AndroidManifest.xml:17:13-37
	android:name
		ADDED from [com.appnext.sdk:core:2.2.1.464] AndroidManifest.xml:15:13-70
service#com.appnext.base.services.ReceiverService
ADDED from [com.appnext.sdk:core:2.2.1.464] AndroidManifest.xml:18:9-22:41
	android:enabled
		ADDED from [com.appnext.sdk:core:2.2.1.464] AndroidManifest.xml:20:13-35
	android:exported
		ADDED from [com.appnext.sdk:core:2.2.1.464] AndroidManifest.xml:21:13-37
	android:persistent
		ADDED from [com.appnext.sdk:core:2.2.1.464] AndroidManifest.xml:22:13-38
	android:name
		ADDED from [com.appnext.sdk:core:2.2.1.464] AndroidManifest.xml:19:13-69
receiver#com.appnext.base.receivers.imp.bootreceiver
ADDED from [com.appnext.sdk:core:2.2.1.464] AndroidManifest.xml:24:9-30:20
	android:enabled
		ADDED from [com.appnext.sdk:core:2.2.1.464] AndroidManifest.xml:26:13-35
	android:name
		ADDED from [com.appnext.sdk:core:2.2.1.464] AndroidManifest.xml:25:13-71
intent-filter#android.intent.action.BOOT_COMPLETED
ADDED from [com.appnext.sdk:core:2.2.1.464] AndroidManifest.xml:27:13-29:29
action#android.intent.action.BOOT_COMPLETED
ADDED from [com.appnext.sdk:core:2.2.1.464] AndroidManifest.xml:28:17-79
	android:name
		ADDED from [com.appnext.sdk:core:2.2.1.464] AndroidManifest.xml:28:25-76